[debug] [2021-03-27T09:16:23.128Z] ----------------------------------------------------------------------
[debug] [2021-03-27T09:16:23.133Z] Command:       C:\Program Files\nodejs\node.exe C:\Users\User\AppData\Roaming\npm\node_modules\firebase-tools\lib\bin\firebase.js serve --host 192.168.0.145
[debug] [2021-03-27T09:16:23.134Z] CLI Version:   8.6.0
[debug] [2021-03-27T09:16:23.134Z] Platform:      win32
[debug] [2021-03-27T09:16:23.135Z] Node Version:  v14.15.4
[debug] [2021-03-27T09:16:23.136Z] Time:          Sat Mar 27 2021 17:16:23 GMT+0800 (Singapore Standard Time)
[debug] [2021-03-27T09:16:23.137Z] ----------------------------------------------------------------------
[debug] [2021-03-27T09:16:23.137Z] 
[debug] [2021-03-27T09:16:23.162Z] > command requires scopes: ["email","openid","https://www.googleapis.com/auth/cloudplatformprojects.readonly","https://www.googleapis.com/auth/firebase","https://www.googleapis.com/auth/cloud-platform"]
[debug] [2021-03-27T09:16:23.163Z] > authorizing via signed-in user
[debug] [2021-03-27T09:16:23.164Z] [iam] checking project getjob-8c6bc for permissions ["firebase.projects.get"]
[debug] [2021-03-27T09:16:23.186Z] >>> HTTP REQUEST POST https://cloudresourcemanager.googleapis.com/v1/projects/getjob-8c6bc:testIamPermissions  
 {"permissions":["firebase.projects.get"]}
[debug] [2021-03-27T09:16:24.406Z] <<< HTTP RESPONSE 200 {"content-type":"application/json; charset=UTF-8","vary":"X-Origin, Referer, Origin,Accept-Encoding","date":"Sat, 27 Mar 2021 09:16:22 GMT","server":"ESF","cache-control":"private","x-xss-protection":"0","x-frame-options":"SAMEORIGIN","x-content-type-options":"nosniff","server-timing":"gfet4t7; dur=1030","alt-svc":"h3-29=\":443\"; ma=2592000,h3-T051=\":443\"; ma=2592000,h3-Q050=\":443\"; ma=2592000,h3-Q046=\":443\"; ma=2592000,h3-Q043=\":443\"; ma=2592000,quic=\":443\"; ma=2592000; v=\"46,43\"","accept-ranges":"none","transfer-encoding":"chunked"}
[debug] [2021-03-27T09:16:24.409Z] >>> HTTP REQUEST GET https://firebase.googleapis.com/v1beta1/projects/getjob-8c6bc  
 
[debug] [2021-03-27T09:16:24.743Z] <<< HTTP RESPONSE 200 {"content-type":"application/json; charset=UTF-8","vary":"X-Origin, Referer, Origin,Accept-Encoding","date":"Sat, 27 Mar 2021 09:16:23 GMT","server":"ESF","cache-control":"private","x-xss-protection":"0","x-frame-options":"SAMEORIGIN","x-content-type-options":"nosniff","alt-svc":"h3-29=\":443\"; ma=2592000,h3-T051=\":443\"; ma=2592000,h3-Q050=\":443\"; ma=2592000,h3-Q046=\":443\"; ma=2592000,h3-Q043=\":443\"; ma=2592000,quic=\":443\"; ma=2592000; v=\"46,43\"","accept-ranges":"none","transfer-encoding":"chunked"}
[info] 
[info] === Serving from 'C:\Users\User\TempJob_Maker'...
[info] 
[warn] !  Your requested "node" version "10" doesn't match your global version "14" {"metadata":{"emulator":{"name":"functions"},"message":"Your requested \"node\" version \"10\" doesn't match your global version \"14\""}}
[info] i  functions: Watching "C:\Users\User\TempJob_Maker\functions" for Cloud Functions... {"metadata":{"emulator":{"name":"functions"},"message":"Watching \"C:\\Users\\User\\TempJob_Maker\\functions\" for Cloud Functions..."}}
[debug] [2021-03-27T09:16:27.063Z] [worker-pool] addWorker(~diagnostic~) {"metadata":{"emulator":{"name":"functions"},"message":"[worker-pool] addWorker(~diagnostic~)"}}
[debug] [2021-03-27T09:16:27.064Z] [worker-pool] Adding worker with key ~diagnostic~, total=1 {"metadata":{"emulator":{"name":"functions"},"message":"[worker-pool] Adding worker with key ~diagnostic~, total=1"}}
[debug] [2021-03-27T09:16:27.064Z] [worker-pool] submitWork(triggerId=) {"metadata":{"emulator":{"name":"functions"},"message":"[worker-pool] submitWork(triggerId=)"}}
[debug] [2021-03-27T09:16:27.065Z] [worker-~diagnostic~-e67f372d-a539-4513-b2ff-63051b5f5032]: Assigning socketPath: \\?\pipe\C:\Users\User\TempJob_Maker\functions\15452 {"metadata":{"emulator":{"name":"functions"},"message":"[worker-~diagnostic~-e67f372d-a539-4513-b2ff-63051b5f5032]: Assigning socketPath: \\\\?\\pipe\\C:\\Users\\User\\TempJob_Maker\\functions\\15452"}}
[debug] [2021-03-27T09:16:27.066Z] [worker-~diagnostic~-e67f372d-a539-4513-b2ff-63051b5f5032]: BUSY {"metadata":{"emulator":{"name":"functions"},"message":"[worker-~diagnostic~-e67f372d-a539-4513-b2ff-63051b5f5032]: BUSY"}}
[debug] [2021-03-27T09:16:28.635Z] [runtime-status] [15452] Functions runtime initialized. {"cwd":"C:\\Users\\User\\TempJob_Maker\\functions","node_version":"14.15.4"} {"metadata":{"emulator":{"name":"functions"},"message":"[runtime-status] [15452] Functions runtime initialized. {\"cwd\":\"C:\\\\Users\\\\User\\\\TempJob_Maker\\\\functions\",\"node_version\":\"14.15.4\"}"}}
[debug] [2021-03-27T09:16:28.651Z] [runtime-status] [15452] Disabled runtime features: undefined {"metadata":{"emulator":{"name":"functions"},"message":"[runtime-status] [15452] Disabled runtime features: undefined"}}
[debug] [2021-03-27T09:16:28.673Z] [runtime-status] [15452] Resolved module firebase-admin {"declared":true,"installed":true,"version":"8.13.0","resolution":"C:\\Users\\User\\TempJob_Maker\\functions\\node_modules\\firebase-admin\\lib\\index.js"} {"metadata":{"emulator":{"name":"functions"},"message":"[runtime-status] [15452] Resolved module firebase-admin {\"declared\":true,\"installed\":true,\"version\":\"8.13.0\",\"resolution\":\"C:\\\\Users\\\\User\\\\TempJob_Maker\\\\functions\\\\node_modules\\\\firebase-admin\\\\lib\\\\index.js\"}"}}
[debug] [2021-03-27T09:16:28.677Z] [runtime-status] [15452] Resolved module firebase-functions {"declared":true,"installed":true,"version":"3.13.1","resolution":"C:\\Users\\User\\TempJob_Maker\\functions\\node_modules\\firebase-functions\\lib\\index.js"} {"metadata":{"emulator":{"name":"functions"},"message":"[runtime-status] [15452] Resolved module firebase-functions {\"declared\":true,\"installed\":true,\"version\":\"3.13.1\",\"resolution\":\"C:\\\\Users\\\\User\\\\TempJob_Maker\\\\functions\\\\node_modules\\\\firebase-functions\\\\lib\\\\index.js\"}"}}
[debug] [2021-03-27T09:16:28.686Z] [runtime-status] [15452] Resolved module firebase-functions {"declared":true,"installed":true,"version":"3.13.1","resolution":"C:\\Users\\User\\TempJob_Maker\\functions\\node_modules\\firebase-functions\\lib\\index.js"} {"metadata":{"emulator":{"name":"functions"},"message":"[runtime-status] [15452] Resolved module firebase-functions {\"declared\":true,\"installed\":true,\"version\":\"3.13.1\",\"resolution\":\"C:\\\\Users\\\\User\\\\TempJob_Maker\\\\functions\\\\node_modules\\\\firebase-functions\\\\lib\\\\index.js\"}"}}
[debug] [2021-03-27T09:16:28.692Z] [runtime-status] [15452] Outgoing network have been stubbed. [{"name":"http","status":"mocked"},{"name":"http","status":"mocked"},{"name":"https","status":"mocked"},{"name":"https","status":"mocked"},{"name":"net","status":"mocked"}] {"metadata":{"emulator":{"name":"functions"},"message":"[runtime-status] [15452] Outgoing network have been stubbed. [{\"name\":\"http\",\"status\":\"mocked\"},{\"name\":\"http\",\"status\":\"mocked\"},{\"name\":\"https\",\"status\":\"mocked\"},{\"name\":\"https\",\"status\":\"mocked\"},{\"name\":\"net\",\"status\":\"mocked\"}]"}}
[debug] [2021-03-27T09:16:28.693Z] [runtime-status] [15452] Resolved module firebase-functions {"declared":true,"installed":true,"version":"3.13.1","resolution":"C:\\Users\\User\\TempJob_Maker\\functions\\node_modules\\firebase-functions\\lib\\index.js"} {"metadata":{"emulator":{"name":"functions"},"message":"[runtime-status] [15452] Resolved module firebase-functions {\"declared\":true,\"installed\":true,\"version\":\"3.13.1\",\"resolution\":\"C:\\\\Users\\\\User\\\\TempJob_Maker\\\\functions\\\\node_modules\\\\firebase-functions\\\\lib\\\\index.js\"}"}}
[debug] [2021-03-27T09:16:28.782Z] [runtime-status] [15452] Checked functions.config() {"config":{}} {"metadata":{"emulator":{"name":"functions"},"message":"[runtime-status] [15452] Checked functions.config() {\"config\":{}}"}}
[debug] [2021-03-27T09:16:28.782Z] [runtime-status] [15452] firebase-functions has been stubbed. {"functionsResolution":{"declared":true,"installed":true,"version":"3.13.1","resolution":"C:\\Users\\User\\TempJob_Maker\\functions\\node_modules\\firebase-functions\\lib\\index.js"}} {"metadata":{"emulator":{"name":"functions"},"message":"[runtime-status] [15452] firebase-functions has been stubbed. {\"functionsResolution\":{\"declared\":true,\"installed\":true,\"version\":\"3.13.1\",\"resolution\":\"C:\\\\Users\\\\User\\\\TempJob_Maker\\\\functions\\\\node_modules\\\\firebase-functions\\\\lib\\\\index.js\"}}"}}
[debug] [2021-03-27T09:16:28.783Z] [runtime-status] [15452] Resolved module firebase-functions {"declared":true,"installed":true,"version":"3.13.1","resolution":"C:\\Users\\User\\TempJob_Maker\\functions\\node_modules\\firebase-functions\\lib\\index.js"} {"metadata":{"emulator":{"name":"functions"},"message":"[runtime-status] [15452] Resolved module firebase-functions {\"declared\":true,\"installed\":true,\"version\":\"3.13.1\",\"resolution\":\"C:\\\\Users\\\\User\\\\TempJob_Maker\\\\functions\\\\node_modules\\\\firebase-functions\\\\lib\\\\index.js\"}"}}
[debug] [2021-03-27T09:16:28.786Z] [runtime-status] [15452] Resolved module firebase-admin {"declared":true,"installed":true,"version":"8.13.0","resolution":"C:\\Users\\User\\TempJob_Maker\\functions\\node_modules\\firebase-admin\\lib\\index.js"} {"metadata":{"emulator":{"name":"functions"},"message":"[runtime-status] [15452] Resolved module firebase-admin {\"declared\":true,\"installed\":true,\"version\":\"8.13.0\",\"resolution\":\"C:\\\\Users\\\\User\\\\TempJob_Maker\\\\functions\\\\node_modules\\\\firebase-admin\\\\lib\\\\index.js\"}"}}
[debug] [2021-03-27T09:16:28.787Z] [runtime-status] [15452] Resolved module firebase-functions {"declared":true,"installed":true,"version":"3.13.1","resolution":"C:\\Users\\User\\TempJob_Maker\\functions\\node_modules\\firebase-functions\\lib\\index.js"} {"metadata":{"emulator":{"name":"functions"},"message":"[runtime-status] [15452] Resolved module firebase-functions {\"declared\":true,\"installed\":true,\"version\":\"3.13.1\",\"resolution\":\"C:\\\\Users\\\\User\\\\TempJob_Maker\\\\functions\\\\node_modules\\\\firebase-functions\\\\lib\\\\index.js\"}"}}
[debug] [2021-03-27T09:16:28.787Z] [runtime-status] [15452] firebase-admin has been stubbed. {"adminResolution":{"declared":true,"installed":true,"version":"8.13.0","resolution":"C:\\Users\\User\\TempJob_Maker\\functions\\node_modules\\firebase-admin\\lib\\index.js"}} {"metadata":{"emulator":{"name":"functions"},"message":"[runtime-status] [15452] firebase-admin has been stubbed. {\"adminResolution\":{\"declared\":true,\"installed\":true,\"version\":\"8.13.0\",\"resolution\":\"C:\\\\Users\\\\User\\\\TempJob_Maker\\\\functions\\\\node_modules\\\\firebase-admin\\\\lib\\\\index.js\"}}"}}
[info] +  functions[payWithStripe]: http function initialized (http://192.168.0.145:5000/getjob-8c6bc/us-central1/payWithStripe). {"metadata":{"emulator":{"name":"functions"},"message":"\u001b[1mhttp\u001b[22m function initialized (http://192.168.0.145:5000/getjob-8c6bc/us-central1/payWithStripe)."}}
[debug] [2021-03-27T09:16:28.948Z] [worker-~diagnostic~-e67f372d-a539-4513-b2ff-63051b5f5032]: IDLE {"metadata":{"emulator":{"name":"functions"},"message":"[worker-~diagnostic~-e67f372d-a539-4513-b2ff-63051b5f5032]: IDLE"}}
